DEBUG: KataGo Engine started.
INFO:     Started server process [30080]
INFO:     Waiting for application startup.
INFO:     Application startup complete.
INFO:     Uvicorn running on http://127.0.0.1:8000 (Press CTRL+C to quit)
INFO:     127.0.0.1:51448 - "GET /health HTTP/1.1" 200 OK
INFO:     127.0.0.1:52106 - "GET /health HTTP/1.1" 200 OK
INFO:     127.0.0.1:53998 - "POST /game/state HTTP/1.1" 200 OK
DEBUG: Starting analysis for 0 moves (PV shapes: True, influence: True)
[SIMULATOR] Reconstructing board from history (len: 0)...
[SIMULATOR] Reconstruction finished. Final Ko: None
[SIMULATOR] Reconstructing board from history (len: 1)...
[SIMULATOR] Reconstruction finished. Final Ko: None
[SIMULATOR] Reconstructing board from history (len: 2)...
[SIMULATOR] Reconstruction finished. Final Ko: None
[SIMULATOR] Reconstructing board from history (len: 3)...
[SIMULATOR] Reconstruction finished. Final Ko: None
[SIMULATOR] Reconstructing board from history (len: 4)...
[SIMULATOR] Reconstruction finished. Final Ko: None
[SIMULATOR] Reconstructing board from history (len: 5)...
[SIMULATOR] Reconstruction finished. Final Ko: None
[SIMULATOR] Reconstructing board from history (len: 6)...
[SIMULATOR] Reconstruction finished. Final Ko: None
[SIMULATOR] Reconstructing board from history (len: 1)...
[SIMULATOR] Reconstruction finished. Final Ko: None
[SIMULATOR] Reconstructing board from history (len: 2)...
[SIMULATOR] Reconstruction finished. Final Ko: None
[SIMULATOR] Reconstructing board from history (len: 3)...
[SIMULATOR] Reconstruction finished. Final Ko: None
[SIMULATOR] Reconstructing board from history (len: 4)...
[SIMULATOR] Reconstruction finished. Final Ko: None
[SIMULATOR] Reconstructing board from history (len: 5)...
[SIMULATOR] Reconstruction finished. Final Ko: None
[SIMULATOR] Reconstructing board from history (len: 6)...
[SIMULATOR] Reconstruction finished. Final Ko: None
[SIMULATOR] Reconstructing board from history (len: 1)...
[SIMULATOR] Reconstruction finished. Final Ko: None
[SIMULATOR] Reconstructing board from history (len: 2)...
[SIMULATOR] Reconstruction finished. Final Ko: None
[SIMULATOR] Reconstructing board from history (len: 3)...
[SIMULATOR] Reconstruction finished. Final Ko: None
[SIMULATOR] Reconstructing board from history (len: 4)...
[SIMULATOR] Reconstruction finished. Final Ko: None
[SIMULATOR] Reconstructing board from history (len: 5)...
[SIMULATOR] Reconstruction finished. Final Ko: None
[SIMULATOR] Reconstructing board from history (len: 6)...
[SIMULATOR] Reconstruction finished. Final Ko: None
INFO:     127.0.0.1:53998 - "POST /analyze HTTP/1.1" 200 OK
DEBUG: Starting analysis for 1 moves (PV shapes: True, influence: True)
[SIMULATOR] Reconstructing board from history (len: 1)...
[SIMULATOR] Reconstruction finished. Final Ko: None
[SIMULATOR] Reconstructing board from history (len: 2)...
[SIMULATOR] Reconstruction finished. Final Ko: None
[SIMULATOR] Reconstructing board from history (len: 3)...
[SIMULATOR] Reconstruction finished. Final Ko: None
[SIMULATOR] Reconstructing board from history (len: 4)...
[SIMULATOR] Reconstruction finished. Final Ko: None
[SIMULATOR] Reconstructing board from history (len: 5)...
[SIMULATOR] Reconstruction finished. Final Ko: None
[SIMULATOR] Reconstructing board from history (len: 6)...
[SIMULATOR] Reconstruction finished. Final Ko: None
[SIMULATOR] Reconstructing board from history (len: 7)...
[SIMULATOR] Reconstruction finished. Final Ko: None
[SIMULATOR] Reconstructing board from history (len: 2)...
[SIMULATOR] Reconstruction finished. Final Ko: None
[SIMULATOR] Reconstructing board from history (len: 3)...
[SIMULATOR] Reconstruction finished. Final Ko: None
[SIMULATOR] Reconstructing board from history (len: 4)...
[SIMULATOR] Reconstruction finished. Final Ko: None
[SIMULATOR] Reconstructing board from history (len: 5)...
[SIMULATOR] Reconstruction finished. Final Ko: None
[SIMULATOR] Reconstructing board from history (len: 6)...
[SIMULATOR] Reconstruction finished. Final Ko: None
[SIMULATOR] Reconstructing board from history (len: 7)...
[SIMULATOR] Reconstruction finished. Final Ko: None
[SIMULATOR] Reconstructing board from history (len: 2)...
[SIMULATOR] Reconstruction finished. Final Ko: None
[SIMULATOR] Reconstructing board from history (len: 3)...
[SIMULATOR] Reconstruction finished. Final Ko: None
[SIMULATOR] Reconstructing board from history (len: 4)...
[SIMULATOR] Reconstruction finished. Final Ko: None
[SIMULATOR] Reconstructing board from history (len: 5)...
[SIMULATOR] Reconstruction finished. Final Ko: None
[SIMULATOR] Reconstructing board from history (len: 6)...
[SIMULATOR] Reconstruction finished. Final Ko: None
[SIMULATOR] Reconstructing board from history (len: 7)...
[SIMULATOR] Reconstruction finished. Final Ko: None
INFO:     127.0.0.1:53999 - "POST /analyze HTTP/1.1" 200 OK
DEBUG: Starting analysis for 2 moves (PV shapes: True, influence: True)
[SIMULATOR] Reconstructing board from history (len: 2)...
[SIMULATOR] Reconstruction finished. Final Ko: None
[SIMULATOR] Reconstructing board from history (len: 3)...
[SIMULATOR] Reconstruction finished. Final Ko: None
[SIMULATOR] Reconstructing board from history (len: 4)...
[SIMULATOR] Reconstruction finished. Final Ko: None
[SIMULATOR] Reconstructing board from history (len: 5)...
[SIMULATOR] Reconstruction finished. Final Ko: None
[SIMULATOR] Reconstructing board from history (len: 6)...
[SIMULATOR] Reconstruction finished. Final Ko: None
[SIMULATOR] Reconstructing board from history (len: 7)...
[SIMULATOR] Reconstruction finished. Final Ko: None
[SIMULATOR] Reconstructing board from history (len: 8)...
[SIMULATOR] Reconstruction finished. Final Ko: None
[SIMULATOR] Reconstructing board from history (len: 3)...
[SIMULATOR] Reconstruction finished. Final Ko: None
[SIMULATOR] Reconstructing board from history (len: 4)...
[SIMULATOR] Reconstruction finished. Final Ko: None
[SIMULATOR] Reconstructing board from history (len: 5)...
[SIMULATOR] Reconstruction finished. Final Ko: None
[SIMULATOR] Reconstructing board from history (len: 6)...
[SIMULATOR] Reconstruction finished. Final Ko: None
[SIMULATOR] Reconstructing board from history (len: 7)...
[SIMULATOR] Reconstruction finished. Final Ko: None
[SIMULATOR] Reconstructing board from history (len: 8)...
[SIMULATOR] Reconstruction finished. Final Ko: None
[SIMULATOR] Reconstructing board from history (len: 3)...
[SIMULATOR] Reconstruction finished. Final Ko: None
[SIMULATOR] Reconstructing board from history (len: 4)...
[SIMULATOR] Reconstruction finished. Final Ko: None
[SIMULATOR] Reconstructing board from history (len: 5)...
[SIMULATOR] Reconstruction finished. Final Ko: None
[SIMULATOR] Reconstructing board from history (len: 6)...
[SIMULATOR] Reconstruction finished. Final Ko: None
[SIMULATOR] Reconstructing board from history (len: 7)...
[SIMULATOR] Reconstruction finished. Final Ko: None
[SIMULATOR] Reconstructing board from history (len: 8)...
[SIMULATOR] Reconstruction finished. Final Ko: None
INFO:     127.0.0.1:54000 - "POST /analyze HTTP/1.1" 200 OK
DEBUG: Starting analysis for 3 moves (PV shapes: True, influence: True)
[SIMULATOR] Reconstructing board from history (len: 3)...
[SIMULATOR] Reconstruction finished. Final Ko: None
[SIMULATOR] Reconstructing board from history (len: 4)...
[SIMULATOR] Reconstruction finished. Final Ko: None
[SIMULATOR] Reconstructing board from history (len: 5)...
[SIMULATOR] Reconstruction finished. Final Ko: None
[SIMULATOR] Reconstructing board from history (len: 6)...
[SIMULATOR] Reconstruction finished. Final Ko: None
[SIMULATOR] Reconstructing board from history (len: 7)...
[SIMULATOR] Reconstruction finished. Final Ko: None
[SIMULATOR] Reconstructing board from history (len: 8)...
[SIMULATOR] Reconstruction finished. Final Ko: None
[SIMULATOR] Reconstructing board from history (len: 9)...
[SIMULATOR] Reconstruction finished. Final Ko: None
[SIMULATOR] Reconstructing board from history (len: 4)...
[SIMULATOR] Reconstruction finished. Final Ko: None
[SIMULATOR] Reconstructing board from history (len: 5)...
[SIMULATOR] Reconstruction finished. Final Ko: None
[SIMULATOR] Reconstructing board from history (len: 6)...
[SIMULATOR] Reconstruction finished. Final Ko: None
[SIMULATOR] Reconstructing board from history (len: 7)...
[SIMULATOR] Reconstruction finished. Final Ko: None
[SIMULATOR] Reconstructing board from history (len: 8)...
[SIMULATOR] Reconstruction finished. Final Ko: None
[SIMULATOR] Reconstructing board from history (len: 9)...
[SIMULATOR] Reconstruction finished. Final Ko: None
[SIMULATOR] Reconstructing board from history (len: 4)...
[SIMULATOR] Reconstruction finished. Final Ko: None
[SIMULATOR] Reconstructing board from history (len: 5)...
[SIMULATOR] Reconstruction finished. Final Ko: None
[SIMULATOR] Reconstructing board from history (len: 6)...
[SIMULATOR] Reconstruction finished. Final Ko: None
[SIMULATOR] Reconstructing board from history (len: 7)...
[SIMULATOR] Reconstruction finished. Final Ko: None
[SIMULATOR] Reconstructing board from history (len: 8)...
[SIMULATOR] Reconstruction finished. Final Ko: None
[SIMULATOR] Reconstructing board from history (len: 9)...
[SIMULATOR] Reconstruction finished. Final Ko: None
INFO:     127.0.0.1:54001 - "POST /analyze HTTP/1.1" 200 OK
DEBUG: Starting analysis for 4 moves (PV shapes: True, influence: True)
[SIMULATOR] Reconstructing board from history (len: 4)...
[SIMULATOR] Reconstruction finished. Final Ko: None
[SIMULATOR] Reconstructing board from history (len: 5)...
[SIMULATOR] Reconstruction finished. Final Ko: None
[SIMULATOR] Reconstructing board from history (len: 6)...
[SIMULATOR] Reconstruction finished. Final Ko: None
[SIMULATOR] Reconstructing board from history (len: 7)...
[SIMULATOR] Reconstruction finished. Final Ko: None
[SIMULATOR] Reconstructing board from history (len: 8)...
[SIMULATOR] Reconstruction finished. Final Ko: None
[SIMULATOR] Reconstructing board from history (len: 9)...
[SIMULATOR] Reconstruction finished. Final Ko: None
[SIMULATOR] Reconstructing board from history (len: 10)...
[SIMULATOR] Reconstruction finished. Final Ko: None
[SIMULATOR] Reconstructing board from history (len: 5)...
[SIMULATOR] Reconstruction finished. Final Ko: None
[SIMULATOR] Reconstructing board from history (len: 5)...
[SIMULATOR] Reconstruction finished. Final Ko: None
INFO:     127.0.0.1:53998 - "POST /analyze HTTP/1.1" 200 OK
DEBUG: Starting analysis for 5 moves (PV shapes: True, influence: True)
[SIMULATOR] Reconstructing board from history (len: 5)...
[SIMULATOR] Reconstruction finished. Final Ko: None
[SIMULATOR] Reconstructing board from history (len: 6)...
[SIMULATOR] Reconstruction finished. Final Ko: None
[SIMULATOR] Reconstructing board from history (len: 7)...
[SIMULATOR] Reconstruction finished. Final Ko: None
[SIMULATOR] Reconstructing board from history (len: 8)...
[SIMULATOR] Reconstruction finished. Final Ko: None
[SIMULATOR] Reconstructing board from history (len: 9)...
[SIMULATOR] Reconstruction finished. Final Ko: None
[SIMULATOR] Reconstructing board from history (len: 10)...
[SIMULATOR] Reconstruction finished. Final Ko: None
[SIMULATOR] Reconstructing board from history (len: 11)...
[SIMULATOR] Reconstruction finished. Final Ko: None
[SIMULATOR] Reconstructing board from history (len: 6)...
[SIMULATOR] Reconstruction finished. Final Ko: None
[SIMULATOR] Reconstructing board from history (len: 6)...
[SIMULATOR] Reconstruction finished. Final Ko: None
INFO:     127.0.0.1:53999 - "POST /analyze HTTP/1.1" 200 OK
DEBUG: Starting analysis for 6 moves (PV shapes: True, influence: True)
[SIMULATOR] Reconstructing board from history (len: 6)...
[SIMULATOR] Reconstruction finished. Final Ko: None
[SIMULATOR] Reconstructing board from history (len: 7)...
[SIMULATOR] Reconstruction finished. Final Ko: None
[SIMULATOR] Reconstructing board from history (len: 8)...
[SIMULATOR] Reconstruction finished. Final Ko: None
[SIMULATOR] Reconstructing board from history (len: 9)...
[SIMULATOR] Reconstruction finished. Final Ko: None
[SIMULATOR] Reconstructing board from history (len: 10)...
[SIMULATOR] Reconstruction finished. Final Ko: None
[SIMULATOR] Reconstructing board from history (len: 11)...
[SIMULATOR] Reconstruction finished. Final Ko: None
[SIMULATOR] Reconstructing board from history (len: 12)...
[SIMULATOR] Reconstruction finished. Final Ko: None
[SIMULATOR] Reconstructing board from history (len: 7)...
[SIMULATOR] Reconstruction finished. Final Ko: None
[SIMULATOR] Reconstructing board from history (len: 7)...
[SIMULATOR] Reconstruction finished. Final Ko: None
INFO:     127.0.0.1:54000 - "POST /analyze HTTP/1.1" 200 OK
DEBUG: Starting analysis for 7 moves (PV shapes: True, influence: True)
[SIMULATOR] Reconstructing board from history (len: 7)...
[SIMULATOR] Reconstruction finished. Final Ko: None
[SIMULATOR] Reconstructing board from history (len: 8)...
[SIMULATOR] Reconstruction finished. Final Ko: None
[SIMULATOR] Reconstructing board from history (len: 9)...
[SIMULATOR] Reconstruction finished. Final Ko: None
[SIMULATOR] Reconstructing board from history (len: 10)...
[SIMULATOR] Reconstruction finished. Final Ko: None
[SIMULATOR] Reconstructing board from history (len: 11)...
[SIMULATOR] Reconstruction finished. Final Ko: None
[SIMULATOR] Reconstructing board from history (len: 12)...
[SIMULATOR] Reconstruction finished. Final Ko: None
[SIMULATOR] Reconstructing board from history (len: 13)...
[SIMULATOR] Reconstruction finished. Final Ko: None
[SIMULATOR] Reconstructing board from history (len: 8)...
[SIMULATOR] Reconstruction finished. Final Ko: None
[SIMULATOR] Reconstructing board from history (len: 9)...
[SIMULATOR] Reconstruction finished. Final Ko: None
[SIMULATOR] Reconstructing board from history (len: 10)...
[SIMULATOR] Reconstruction finished. Final Ko: None
[SIMULATOR] Reconstructing board from history (len: 11)...
[SIMULATOR] Reconstruction finished. Final Ko: None
[SIMULATOR] Reconstructing board from history (len: 12)...
[SIMULATOR] Reconstruction finished. Final Ko: None
[SIMULATOR] Reconstructing board from history (len: 13)...
[SIMULATOR] Reconstruction finished. Final Ko: None
[SIMULATOR] Reconstructing board from history (len: 8)...
[SIMULATOR] Reconstruction finished. Final Ko: None
[SIMULATOR] Reconstructing board from history (len: 9)...
[SIMULATOR] Reconstruction finished. Final Ko: None
[SIMULATOR] Reconstructing board from history (len: 10)...
[SIMULATOR] Reconstruction finished. Final Ko: None
[SIMULATOR] Reconstructing board from history (len: 11)...
[SIMULATOR] Reconstruction finished. Final Ko: None
[SIMULATOR] Reconstructing board from history (len: 12)...
[SIMULATOR] Reconstruction finished. Final Ko: None
INFO:     127.0.0.1:53998 - "POST /analyze HTTP/1.1" 200 OK
DEBUG: Starting analysis for 8 moves (PV shapes: True, influence: True)
[SIMULATOR] Reconstructing board from history (len: 8)...
[SIMULATOR] Reconstruction finished. Final Ko: None
[SIMULATOR] Reconstructing board from history (len: 9)...
[SIMULATOR] Reconstruction finished. Final Ko: None
[SIMULATOR] Reconstructing board from history (len: 10)...
[SIMULATOR] Reconstruction finished. Final Ko: None
[SIMULATOR] Reconstructing board from history (len: 11)...
[SIMULATOR] Reconstruction finished. Final Ko: None
[SIMULATOR] Reconstructing board from history (len: 12)...
[SIMULATOR] Reconstruction finished. Final Ko: None
[SIMULATOR] Reconstructing board from history (len: 13)...
[SIMULATOR] Reconstruction finished. Final Ko: None
[SIMULATOR] Reconstructing board from history (len: 14)...
[SIMULATOR] Reconstruction finished. Final Ko: None
[SIMULATOR] Reconstructing board from history (len: 9)...
[SIMULATOR] Reconstruction finished. Final Ko: None
[SIMULATOR] Reconstructing board from history (len: 10)...
[SIMULATOR] Reconstruction finished. Final Ko: None
[SIMULATOR] Reconstructing board from history (len: 11)...
[SIMULATOR] Reconstruction finished. Final Ko: None
[SIMULATOR] Reconstructing board from history (len: 12)...
[SIMULATOR] Reconstruction finished. Final Ko: None
[SIMULATOR] Reconstructing board from history (len: 13)...
[SIMULATOR] Reconstruction finished. Final Ko: None
[SIMULATOR] Reconstructing board from history (len: 9)...
[SIMULATOR] Reconstruction finished. Final Ko: None
[SIMULATOR] Reconstructing board from history (len: 10)...
[SIMULATOR] Reconstruction finished. Final Ko: None
[SIMULATOR] Reconstructing board from history (len: 11)...
[SIMULATOR] Reconstruction finished. Final Ko: None
[SIMULATOR] Reconstructing board from history (len: 12)...
[SIMULATOR] Reconstruction finished. Final Ko: None
[SIMULATOR] Reconstructing board from history (len: 13)...
[SIMULATOR] Reconstruction finished. Final Ko: None
[SIMULATOR] Reconstructing board from history (len: 14)...
[SIMULATOR] Reconstruction finished. Final Ko: None
INFO:     127.0.0.1:54001 - "POST /analyze HTTP/1.1" 200 OK
INFO:     127.0.0.1:54002 - "POST /game/state HTTP/1.1" 200 OK
DEBUG: Starting analysis for 9 moves (PV shapes: True, influence: True)
[SIMULATOR] Reconstructing board from history (len: 9)...
[SIMULATOR] Reconstruction finished. Final Ko: None
[SIMULATOR] Reconstructing board from history (len: 10)...
[SIMULATOR] Reconstruction finished. Final Ko: None
[SIMULATOR] Reconstructing board from history (len: 11)...
[SIMULATOR] Reconstruction finished. Final Ko: None
[SIMULATOR] Reconstructing board from history (len: 12)...
[SIMULATOR] Reconstruction finished. Final Ko: None
[SIMULATOR] Reconstructing board from history (len: 13)...
[SIMULATOR] Reconstruction finished. Final Ko: None
[SIMULATOR] Reconstructing board from history (len: 14)...
[SIMULATOR] Reconstruction finished. Final Ko: None
[SIMULATOR] Reconstructing board from history (len: 15)...
[SIMULATOR] Reconstruction finished. Final Ko: None
[SIMULATOR] Reconstructing board from history (len: 10)...
[SIMULATOR] Reconstruction finished. Final Ko: None
[SIMULATOR] Reconstructing board from history (len: 11)...
[SIMULATOR] Reconstruction finished. Final Ko: None
[SIMULATOR] Reconstructing board from history (len: 12)...
[SIMULATOR] Reconstruction finished. Final Ko: None
[SIMULATOR] Reconstructing board from history (len: 13)...
[SIMULATOR] Reconstruction finished. Final Ko: None
[SIMULATOR] Reconstructing board from history (len: 14)...
[SIMULATOR] Reconstruction finished. Final Ko: None
[SIMULATOR] Reconstructing board from history (len: 10)...
[SIMULATOR] Reconstruction finished. Final Ko: None
[SIMULATOR] Reconstructing board from history (len: 11)...
[SIMULATOR] Reconstruction finished. Final Ko: None
[SIMULATOR] Reconstructing board from history (len: 12)...
[SIMULATOR] Reconstruction finished. Final Ko: None
[SIMULATOR] Reconstructing board from history (len: 13)...
[SIMULATOR] Reconstruction finished. Final Ko: None
INFO:     127.0.0.1:53999 - "POST /analyze HTTP/1.1" 200 OK
INFO:     127.0.0.1:54003 - "POST /game/state HTTP/1.1" 200 OK
DEBUG: Starting analysis for 10 moves (PV shapes: True, influence: True)
[SIMULATOR] Reconstructing board from history (len: 10)...
[SIMULATOR] Reconstruction finished. Final Ko: None
[SIMULATOR] Reconstructing board from history (len: 11)...
[SIMULATOR] Reconstruction finished. Final Ko: None
[SIMULATOR] Reconstructing board from history (len: 12)...
[SIMULATOR] Reconstruction finished. Final Ko: None
[SIMULATOR] Reconstructing board from history (len: 13)...
[SIMULATOR] Reconstruction finished. Final Ko: None
[SIMULATOR] Reconstructing board from history (len: 14)...
[SIMULATOR] Reconstruction finished. Final Ko: None
[SIMULATOR] Reconstructing board from history (len: 15)...
[SIMULATOR] Reconstruction finished. Final Ko: None
[SIMULATOR] Reconstructing board from history (len: 11)...
[SIMULATOR] Reconstruction finished. Final Ko: None
[SIMULATOR] Reconstructing board from history (len: 12)...
[SIMULATOR] Reconstruction finished. Final Ko: None
[SIMULATOR] Reconstructing board from history (len: 13)...
[SIMULATOR] Reconstruction finished. Final Ko: None
[SIMULATOR] Reconstructing board from history (len: 14)...
[SIMULATOR] Reconstruction finished. Final Ko: None
[SIMULATOR] Reconstructing board from history (len: 15)...
[SIMULATOR] Reconstruction finished. Final Ko: None
[SIMULATOR] Reconstructing board from history (len: 16)...
[SIMULATOR] Reconstruction finished. Final Ko: None
[SIMULATOR] Reconstructing board from history (len: 11)...
[SIMULATOR] Reconstruction finished. Final Ko: None
[SIMULATOR] Reconstructing board from history (len: 12)...
[SIMULATOR] Reconstruction finished. Final Ko: None
[SIMULATOR] Reconstructing board from history (len: 13)...
[SIMULATOR] Reconstruction finished. Final Ko: None
[SIMULATOR] Reconstructing board from history (len: 14)...
[SIMULATOR] Reconstruction finished. Final Ko: None
INFO:     127.0.0.1:54000 - "POST /analyze HTTP/1.1" 200 OK
DEBUG: Starting analysis for 11 moves (PV shapes: True, influence: True)
[SIMULATOR] Reconstructing board from history (len: 11)...
[SIMULATOR] Reconstruction finished. Final Ko: None
[SIMULATOR] Reconstructing board from history (len: 12)...
[SIMULATOR] Reconstruction finished. Final Ko: None
[SIMULATOR] Reconstructing board from history (len: 13)...
[SIMULATOR] Reconstruction finished. Final Ko: None
[SIMULATOR] Reconstructing board from history (len: 14)...
[SIMULATOR] Reconstruction finished. Final Ko: None
[SIMULATOR] Reconstructing board from history (len: 15)...
[SIMULATOR] Reconstruction finished. Final Ko: None
[SIMULATOR] Reconstructing board from history (len: 16)...
[SIMULATOR] Reconstruction finished. Final Ko: None
[SIMULATOR] Reconstructing board from history (len: 12)...
[SIMULATOR] Reconstruction finished. Final Ko: None
[SIMULATOR] Reconstructing board from history (len: 13)...
[SIMULATOR] Reconstruction finished. Final Ko: None
[SIMULATOR] Reconstructing board from history (len: 14)...
[SIMULATOR] Reconstruction finished. Final Ko: None
[SIMULATOR] Reconstructing board from history (len: 15)...
[SIMULATOR] Reconstruction finished. Final Ko: None
[SIMULATOR] Reconstructing board from history (len: 16)...
[SIMULATOR] Reconstruction finished. Final Ko: None
[SIMULATOR] Reconstructing board from history (len: 12)...
[SIMULATOR] Reconstruction finished. Final Ko: None
[SIMULATOR] Reconstructing board from history (len: 13)...
[SIMULATOR] Reconstruction finished. Final Ko: None
[SIMULATOR] Reconstructing board from history (len: 14)...
[SIMULATOR] Reconstruction finished. Final Ko: None
[SIMULATOR] Reconstructing board from history (len: 15)...
[SIMULATOR] Reconstruction finished. Final Ko: None
INFO:     127.0.0.1:53998 - "POST /analyze HTTP/1.1" 200 OK
DEBUG: Starting analysis for 12 moves (PV shapes: True, influence: True)
[SIMULATOR] Reconstructing board from history (len: 12)...
[SIMULATOR] Reconstruction finished. Final Ko: None
[SIMULATOR] Reconstructing board from history (len: 13)...
[SIMULATOR] Reconstruction finished. Final Ko: None
[SIMULATOR] Reconstructing board from history (len: 14)...
[SIMULATOR] Reconstruction finished. Final Ko: None
[SIMULATOR] Reconstructing board from history (len: 15)...
[SIMULATOR] Reconstruction finished. Final Ko: None
[SIMULATOR] Reconstructing board from history (len: 16)...
[SIMULATOR] Reconstruction finished. Final Ko: None
[SIMULATOR] Reconstructing board from history (len: 17)...
[SIMULATOR] Reconstruction finished. Final Ko: None
[SIMULATOR] Reconstructing board from history (len: 13)...
[SIMULATOR] Reconstruction finished. Final Ko: None
[SIMULATOR] Reconstructing board from history (len: 14)...
[SIMULATOR] Reconstruction finished. Final Ko: None
[SIMULATOR] Reconstructing board from history (len: 15)...
[SIMULATOR] Reconstruction finished. Final Ko: None
[SIMULATOR] Reconstructing board from history (len: 16)...
[SIMULATOR] Reconstruction finished. Final Ko: None
[SIMULATOR] Reconstructing board from history (len: 17)...
[SIMULATOR] Reconstruction finished. Final Ko: None
[SIMULATOR] Reconstructing board from history (len: 18)...
[SIMULATOR] Reconstruction finished. Final Ko: None
[SIMULATOR] Reconstructing board from history (len: 13)...
[SIMULATOR] Reconstruction finished. Final Ko: None
[SIMULATOR] Reconstructing board from history (len: 14)...
[SIMULATOR] Reconstruction finished. Final Ko: None
[SIMULATOR] Reconstructing board from history (len: 15)...
[SIMULATOR] Reconstruction finished. Final Ko: None
[SIMULATOR] Reconstructing board from history (len: 16)...
[SIMULATOR] Reconstruction finished. Final Ko: None
[SIMULATOR] Reconstructing board from history (len: 17)...
[SIMULATOR] Reconstruction finished. Final Ko: None
[SIMULATOR] Reconstructing board from history (len: 18)...
[SIMULATOR] Reconstruction finished. Final Ko: None
INFO:     127.0.0.1:54001 - "POST /analyze HTTP/1.1" 200 OK
DEBUG: Starting analysis for 13 moves (PV shapes: True, influence: True)
[SIMULATOR] Reconstructing board from history (len: 13)...
[SIMULATOR] Reconstruction finished. Final Ko: None
[SIMULATOR] Reconstructing board from history (len: 14)...
[SIMULATOR] Reconstruction finished. Final Ko: None
[SIMULATOR] Reconstructing board from history (len: 15)...
[SIMULATOR] Reconstruction finished. Final Ko: None
[SIMULATOR] Reconstructing board from history (len: 16)...
[SIMULATOR] Reconstruction finished. Final Ko: None
[SIMULATOR] Reconstructing board from history (len: 17)...
[SIMULATOR] Reconstruction finished. Final Ko: None
[SIMULATOR] Reconstructing board from history (len: 18)...
[SIMULATOR] Reconstruction finished. Final Ko: None
[SIMULATOR] Reconstructing board from history (len: 14)...
[SIMULATOR] Reconstruction finished. Final Ko: None
[SIMULATOR] Reconstructing board from history (len: 15)...
[SIMULATOR] Reconstruction finished. Final Ko: None
[SIMULATOR] Reconstructing board from history (len: 16)...
[SIMULATOR] Reconstruction finished. Final Ko: None
[SIMULATOR] Reconstructing board from history (len: 17)...
[SIMULATOR] Reconstruction finished. Final Ko: None
[SIMULATOR] Reconstructing board from history (len: 18)...
[SIMULATOR] Reconstruction finished. Final Ko: None
[SIMULATOR] Reconstructing board from history (len: 14)...
[SIMULATOR] Reconstruction finished. Final Ko: None
[SIMULATOR] Reconstructing board from history (len: 15)...
[SIMULATOR] Reconstruction finished. Final Ko: None
[SIMULATOR] Reconstructing board from history (len: 16)...
[SIMULATOR] Reconstruction finished. Final Ko: None
[SIMULATOR] Reconstructing board from history (len: 17)...
[SIMULATOR] Reconstruction finished. Final Ko: None
[SIMULATOR] Reconstructing board from history (len: 18)...
[SIMULATOR] Reconstruction finished. Final Ko: None
INFO:     127.0.0.1:53999 - "POST /analyze HTTP/1.1" 200 OK
DEBUG: Starting analysis for 14 moves (PV shapes: True, influence: True)
[SIMULATOR] Reconstructing board from history (len: 14)...
[SIMULATOR] Reconstruction finished. Final Ko: None
[SIMULATOR] Reconstructing board from history (len: 15)...
[SIMULATOR] Reconstruction finished. Final Ko: None
[SIMULATOR] Reconstructing board from history (len: 16)...
[SIMULATOR] Reconstruction finished. Final Ko: None
[SIMULATOR] Reconstructing board from history (len: 17)...
[SIMULATOR] Reconstruction finished. Final Ko: None
[SIMULATOR] Reconstructing board from history (len: 18)...
[SIMULATOR] Reconstruction finished. Final Ko: None
[SIMULATOR] Reconstructing board from history (len: 19)...
[SIMULATOR] Reconstruction finished. Final Ko: None
[SIMULATOR] Reconstructing board from history (len: 15)...
[SIMULATOR] Reconstruction finished. Final Ko: None
[SIMULATOR] Reconstructing board from history (len: 16)...
[SIMULATOR] Reconstruction finished. Final Ko: None
[SIMULATOR] Reconstructing board from history (len: 17)...
[SIMULATOR] Reconstruction finished. Final Ko: None
[SIMULATOR] Reconstructing board from history (len: 18)...
[SIMULATOR] Reconstruction finished. Final Ko: None
[SIMULATOR] Reconstructing board from history (len: 19)...
[SIMULATOR] Reconstruction finished. Final Ko: None
[SIMULATOR] Reconstructing board from history (len: 15)...
[SIMULATOR] Reconstruction finished. Final Ko: None
[SIMULATOR] Reconstructing board from history (len: 16)...
[SIMULATOR] Reconstruction finished. Final Ko: None
[SIMULATOR] Reconstructing board from history (len: 17)...
[SIMULATOR] Reconstruction finished. Final Ko: None
[SIMULATOR] Reconstructing board from history (len: 18)...
[SIMULATOR] Reconstruction finished. Final Ko: None
[SIMULATOR] Reconstructing board from history (len: 19)...
[SIMULATOR] Reconstruction finished. Final Ko: None
[SIMULATOR] Reconstructing board from history (len: 20)...
[SIMULATOR] Reconstruction finished. Final Ko: None
INFO:     127.0.0.1:54000 - "POST /analyze HTTP/1.1" 200 OK
DEBUG: Starting analysis for 15 moves (PV shapes: True, influence: True)
[SIMULATOR] Reconstructing board from history (len: 15)...
[SIMULATOR] Reconstruction finished. Final Ko: None
[SIMULATOR] Reconstructing board from history (len: 16)...
[SIMULATOR] Reconstruction finished. Final Ko: None
[SIMULATOR] Reconstructing board from history (len: 17)...
[SIMULATOR] Reconstruction finished. Final Ko: None
[SIMULATOR] Reconstructing board from history (len: 18)...
[SIMULATOR] Reconstruction finished. Final Ko: None
[SIMULATOR] Reconstructing board from history (len: 19)...
[SIMULATOR] Reconstruction finished. Final Ko: None
[SIMULATOR] Reconstructing board from history (len: 20)...
[SIMULATOR] Reconstruction finished. Final Ko: None
[SIMULATOR] Reconstructing board from history (len: 21)...
[SIMULATOR] Reconstruction finished. Final Ko: None
[SIMULATOR] Reconstructing board from history (len: 16)...
[SIMULATOR] Reconstruction finished. Final Ko: None
[SIMULATOR] Reconstructing board from history (len: 17)...
[SIMULATOR] Reconstruction finished. Final Ko: None
[SIMULATOR] Reconstructing board from history (len: 18)...
[SIMULATOR] Reconstruction finished. Final Ko: None
[SIMULATOR] Reconstructing board from history (len: 19)...
[SIMULATOR] Reconstruction finished. Final Ko: None
[SIMULATOR] Reconstructing board from history (len: 20)...
[SIMULATOR] Reconstruction finished. Final Ko: None
[SIMULATOR] Reconstructing board from history (len: 21)...
[SIMULATOR] Reconstruction finished. Final Ko: None
[SIMULATOR] Reconstructing board from history (len: 16)...
[SIMULATOR] Reconstruction finished. Final Ko: None
[SIMULATOR] Reconstructing board from history (len: 17)...
[SIMULATOR] Reconstruction finished. Final Ko: None
[SIMULATOR] Reconstructing board from history (len: 18)...
[SIMULATOR] Reconstruction finished. Final Ko: None
[SIMULATOR] Reconstructing board from history (len: 19)...
[SIMULATOR] Reconstruction finished. Final Ko: None
INFO:     127.0.0.1:54001 - "POST /analyze HTTP/1.1" 200 OK
DEBUG: Starting analysis for 16 moves (PV shapes: True, influence: True)
[SIMULATOR] Reconstructing board from history (len: 16)...
[SIMULATOR] Reconstruction finished. Final Ko: None
[SIMULATOR] Reconstructing board from history (len: 17)...
[SIMULATOR] Reconstruction finished. Final Ko: None
[SIMULATOR] Reconstructing board from history (len: 18)...
[SIMULATOR] Reconstruction finished. Final Ko: None
[SIMULATOR] Reconstructing board from history (len: 19)...
[SIMULATOR] Reconstruction finished. Final Ko: None
[SIMULATOR] Reconstructing board from history (len: 20)...
[SIMULATOR] Reconstruction finished. Final Ko: None
[SIMULATOR] Reconstructing board from history (len: 21)...
[SIMULATOR] Reconstruction finished. Final Ko: None
[SIMULATOR] Reconstructing board from history (len: 22)...
[SIMULATOR] Reconstruction finished. Final Ko: None
[SIMULATOR] Reconstructing board from history (len: 17)...
[SIMULATOR] Reconstruction finished. Final Ko: None
[SIMULATOR] Reconstructing board from history (len: 18)...
[SIMULATOR] Reconstruction finished. Final Ko: None
[SIMULATOR] Reconstructing board from history (len: 19)...
[SIMULATOR] Reconstruction finished. Final Ko: None
[SIMULATOR] Reconstructing board from history (len: 20)...
[SIMULATOR] Reconstruction finished. Final Ko: None
[SIMULATOR] Reconstructing board from history (len: 21)...
[SIMULATOR] Reconstruction finished. Final Ko: None
[SIMULATOR] Reconstructing board from history (len: 17)...
[SIMULATOR] Reconstruction finished. Final Ko: None
[SIMULATOR] Reconstructing board from history (len: 18)...
[SIMULATOR] Reconstruction finished. Final Ko: None
[SIMULATOR] Reconstructing board from history (len: 19)...
[SIMULATOR] Reconstruction finished. Final Ko: None
[SIMULATOR] Reconstructing board from history (len: 20)...
[SIMULATOR] Reconstruction finished. Final Ko: None
[SIMULATOR] Reconstructing board from history (len: 21)...
[SIMULATOR] Reconstruction finished. Final Ko: None
[SIMULATOR] Reconstructing board from history (len: 22)...
[SIMULATOR] Reconstruction finished. Final Ko: None
INFO:     127.0.0.1:53998 - "POST /analyze HTTP/1.1" 200 OK
DEBUG: Starting analysis for 17 moves (PV shapes: True, influence: True)
[SIMULATOR] Reconstructing board from history (len: 17)...
[SIMULATOR] Reconstruction finished. Final Ko: None
[SIMULATOR] Reconstructing board from history (len: 18)...
[SIMULATOR] Reconstruction finished. Final Ko: None
[SIMULATOR] Reconstructing board from history (len: 19)...
[SIMULATOR] Reconstruction finished. Final Ko: None
[SIMULATOR] Reconstructing board from history (len: 20)...
[SIMULATOR] Reconstruction finished. Final Ko: None
[SIMULATOR] Reconstructing board from history (len: 21)...
[SIMULATOR] Reconstruction finished. Final Ko: None
[SIMULATOR] Reconstructing board from history (len: 22)...
[SIMULATOR] Reconstruction finished. Final Ko: None
[SIMULATOR] Reconstructing board from history (len: 18)...
[SIMULATOR] Reconstruction finished. Final Ko: None
[SIMULATOR] Reconstructing board from history (len: 19)...
[SIMULATOR] Reconstruction finished. Final Ko: None
[SIMULATOR] Reconstructing board from history (len: 20)...
[SIMULATOR] Reconstruction finished. Final Ko: None
[SIMULATOR] Reconstructing board from history (len: 21)...
[SIMULATOR] Reconstruction finished. Final Ko: None
[SIMULATOR] Reconstructing board from history (len: 22)...
[SIMULATOR] Reconstruction finished. Final Ko: None
[SIMULATOR] Reconstructing board from history (len: 18)...
[SIMULATOR] Reconstruction finished. Final Ko: None
[SIMULATOR] Reconstructing board from history (len: 19)...
[SIMULATOR] Reconstruction finished. Final Ko: None
[SIMULATOR] Reconstructing board from history (len: 20)...
[SIMULATOR] Reconstruction finished. Final Ko: None
[SIMULATOR] Reconstructing board from history (len: 21)...
[SIMULATOR] Reconstruction finished. Final Ko: None
[SIMULATOR] Reconstructing board from history (len: 22)...
[SIMULATOR] Reconstruction finished. Final Ko: None
INFO:     127.0.0.1:53999 - "POST /analyze HTTP/1.1" 200 OK
DEBUG: Starting analysis for 18 moves (PV shapes: True, influence: True)
[SIMULATOR] Reconstructing board from history (len: 18)...
[SIMULATOR] Reconstruction finished. Final Ko: None
[SIMULATOR] Reconstructing board from history (len: 19)...
[SIMULATOR] Reconstruction finished. Final Ko: None
[SIMULATOR] Reconstructing board from history (len: 20)...
[SIMULATOR] Reconstruction finished. Final Ko: None
[SIMULATOR] Reconstructing board from history (len: 21)...
[SIMULATOR] Reconstruction finished. Final Ko: None
[SIMULATOR] Reconstructing board from history (len: 22)...
[SIMULATOR] Reconstruction finished. Final Ko: None
[SIMULATOR] Reconstructing board from history (len: 23)...
[SIMULATOR] Reconstruction finished. Final Ko: None
[SIMULATOR] Reconstructing board from history (len: 24)...
[SIMULATOR] Reconstruction finished. Final Ko: None
[SIMULATOR] Reconstructing board from history (len: 19)...
[SIMULATOR] Reconstruction finished. Final Ko: None
[SIMULATOR] Reconstructing board from history (len: 20)...
[SIMULATOR] Reconstruction finished. Final Ko: None
[SIMULATOR] Reconstructing board from history (len: 21)...
[SIMULATOR] Reconstruction finished. Final Ko: None
[SIMULATOR] Reconstructing board from history (len: 22)...
[SIMULATOR] Reconstruction finished. Final Ko: None
[SIMULATOR] Reconstructing board from history (len: 23)...
[SIMULATOR] Reconstruction finished. Final Ko: None
[SIMULATOR] Reconstructing board from history (len: 24)...
[SIMULATOR] Reconstruction finished. Final Ko: None
[SIMULATOR] Reconstructing board from history (len: 19)...
[SIMULATOR] Reconstruction finished. Final Ko: None
[SIMULATOR] Reconstructing board from history (len: 20)...
[SIMULATOR] Reconstruction finished. Final Ko: None
[SIMULATOR] Reconstructing board from history (len: 21)...
[SIMULATOR] Reconstruction finished. Final Ko: None
[SIMULATOR] Reconstructing board from history (len: 22)...
[SIMULATOR] Reconstruction finished. Final Ko: None
[SIMULATOR] Reconstructing board from history (len: 23)...
[SIMULATOR] Reconstruction finished. Final Ko: None
INFO:     127.0.0.1:54000 - "POST /analyze HTTP/1.1" 200 OK
DEBUG: Starting analysis for 19 moves (PV shapes: True, influence: True)
[SIMULATOR] Reconstructing board from history (len: 19)...
[SIMULATOR] Reconstruction finished. Final Ko: None
[SIMULATOR] Reconstructing board from history (len: 20)...
[SIMULATOR] Reconstruction finished. Final Ko: None
[SIMULATOR] Reconstructing board from history (len: 21)...
[SIMULATOR] Reconstruction finished. Final Ko: None
[SIMULATOR] Reconstructing board from history (len: 22)...
[SIMULATOR] Reconstruction finished. Final Ko: None
[SIMULATOR] Reconstructing board from history (len: 23)...
[SIMULATOR] Reconstruction finished. Final Ko: None
[SIMULATOR] Reconstructing board from history (len: 24)...
[SIMULATOR] Reconstruction finished. Final Ko: None
[SIMULATOR] Reconstructing board from history (len: 25)...
[SIMULATOR] Reconstruction finished. Final Ko: None
[SIMULATOR] Reconstructing board from history (len: 20)...
[SIMULATOR] Reconstruction finished. Final Ko: None
[SIMULATOR] Reconstructing board from history (len: 21)...
[SIMULATOR] Reconstruction finished. Final Ko: None
[SIMULATOR] Reconstructing board from history (len: 22)...
[SIMULATOR] Reconstruction finished. Final Ko: None
[SIMULATOR] Reconstructing board from history (len: 23)...
[SIMULATOR] Reconstruction finished. Final Ko: None
[SIMULATOR] Reconstructing board from history (len: 20)...
[SIMULATOR] Reconstruction finished. Final Ko: None
[SIMULATOR] Reconstructing board from history (len: 21)...
[SIMULATOR] Reconstruction finished. Final Ko: None
[SIMULATOR] Reconstructing board from history (len: 22)...
[SIMULATOR] Reconstruction finished. Final Ko: None
[SIMULATOR] Reconstructing board from history (len: 23)...
[SIMULATOR] Reconstruction finished. Final Ko: None
[SIMULATOR] Reconstructing board from history (len: 24)...
[SIMULATOR] Reconstruction finished. Final Ko: None
INFO:     127.0.0.1:54001 - "POST /analyze HTTP/1.1" 200 OK
DEBUG: Starting analysis for 20 moves (PV shapes: True, influence: True)
[SIMULATOR] Reconstructing board from history (len: 20)...
[SIMULATOR] Reconstruction finished. Final Ko: None
[SIMULATOR] Reconstructing board from history (len: 21)...
[SIMULATOR] Reconstruction finished. Final Ko: None
[SIMULATOR] Reconstructing board from history (len: 22)...
[SIMULATOR] Reconstruction finished. Final Ko: None
[SIMULATOR] Reconstructing board from history (len: 23)...
[SIMULATOR] Reconstruction finished. Final Ko: None
[SIMULATOR] Reconstructing board from history (len: 24)...
[SIMULATOR] Reconstruction finished. Final Ko: None
[SIMULATOR] Reconstructing board from history (len: 25)...
[SIMULATOR] Reconstruction finished. Final Ko: None
[SIMULATOR] Reconstructing board from history (len: 21)...
[SIMULATOR] Reconstruction finished. Final Ko: None
[SIMULATOR] Reconstructing board from history (len: 22)...
[SIMULATOR] Reconstruction finished. Final Ko: None
[SIMULATOR] Reconstructing board from history (len: 23)...
[SIMULATOR] Reconstruction finished. Final Ko: None
[SIMULATOR] Reconstructing board from history (len: 24)...
[SIMULATOR] Reconstruction finished. Final Ko: None
[SIMULATOR] Reconstructing board from history (len: 25)...
[SIMULATOR] Reconstruction finished. Final Ko: None
[SIMULATOR] Reconstructing board from history (len: 26)...
[SIMULATOR] Reconstruction finished. Final Ko: None
[SIMULATOR] Reconstructing board from history (len: 21)...
[SIMULATOR] Reconstruction finished. Final Ko: None
[SIMULATOR] Reconstructing board from history (len: 22)...
[SIMULATOR] Reconstruction finished. Final Ko: None
[SIMULATOR] Reconstructing board from history (len: 23)...
[SIMULATOR] Reconstruction finished. Final Ko: None
[SIMULATOR] Reconstructing board from history (len: 24)...
[SIMULATOR] Reconstruction finished. Final Ko: None
[SIMULATOR] Reconstructing board from history (len: 25)...
[SIMULATOR] Reconstruction finished. Final Ko: None
INFO:     127.0.0.1:53998 - "POST /analyze HTTP/1.1" 200 OK
DEBUG: Starting analysis for 21 moves (PV shapes: True, influence: True)
[SIMULATOR] Reconstructing board from history (len: 21)...
[SIMULATOR] Reconstruction finished. Final Ko: None
[SIMULATOR] Reconstructing board from history (len: 22)...
[SIMULATOR] Reconstruction finished. Final Ko: None
[SIMULATOR] Reconstructing board from history (len: 23)...
[SIMULATOR] Reconstruction finished. Final Ko: None
[SIMULATOR] Reconstructing board from history (len: 24)...
[SIMULATOR] Reconstruction finished. Final Ko: None
[SIMULATOR] Reconstructing board from history (len: 25)...
[SIMULATOR] Reconstruction finished. Final Ko: None
[SIMULATOR] Reconstructing board from history (len: 26)...
[SIMULATOR] Reconstruction finished. Final Ko: None
[SIMULATOR] Reconstructing board from history (len: 27)...
[SIMULATOR] Reconstruction finished. Final Ko: None
[SIMULATOR] Reconstructing board from history (len: 22)...
[SIMULATOR] Reconstruction finished. Final Ko: None
[SIMULATOR] Reconstructing board from history (len: 23)...
[SIMULATOR] Reconstruction finished. Final Ko: None
[SIMULATOR] Reconstructing board from history (len: 24)...
[SIMULATOR] Reconstruction finished. Final Ko: None
[SIMULATOR] Reconstructing board from history (len: 25)...
[SIMULATOR] Reconstruction finished. Final Ko: None
[SIMULATOR] Reconstructing board from history (len: 26)...
[SIMULATOR] Reconstruction finished. Final Ko: None
[SIMULATOR] Reconstructing board from history (len: 27)...
[SIMULATOR] Reconstruction finished. Final Ko: None
[SIMULATOR] Reconstructing board from history (len: 22)...
[SIMULATOR] Reconstruction finished. Final Ko: None
[SIMULATOR] Reconstructing board from history (len: 23)...
[SIMULATOR] Reconstruction finished. Final Ko: None
[SIMULATOR] Reconstructing board from history (len: 24)...
[SIMULATOR] Reconstruction finished. Final Ko: None
[SIMULATOR] Reconstructing board from history (len: 25)...
[SIMULATOR] Reconstruction finished. Final Ko: None
[SIMULATOR] Reconstructing board from history (len: 26)...
[SIMULATOR] Reconstruction finished. Final Ko: None
[SIMULATOR] Reconstructing board from history (len: 27)...
[SIMULATOR] Reconstruction finished. Final Ko: None
INFO:     127.0.0.1:53999 - "POST /analyze HTTP/1.1" 200 OK
DEBUG: Starting analysis for 5 moves (PV shapes: True, influence: True)
[SIMULATOR] Reconstructing board from history (len: 5)...
[SIMULATOR] Reconstruction finished. Final Ko: None
[SIMULATOR] Reconstructing board from history (len: 6)...
[SIMULATOR] Reconstruction finished. Final Ko: None
[SIMULATOR] Reconstructing board from history (len: 7)...
[SIMULATOR] Reconstruction finished. Final Ko: None
[SIMULATOR] Reconstructing board from history (len: 8)...
[SIMULATOR] Reconstruction finished. Final Ko: None
[SIMULATOR] Reconstructing board from history (len: 9)...
[SIMULATOR] Reconstruction finished. Final Ko: None
[SIMULATOR] Reconstructing board from history (len: 10)...
[SIMULATOR] Reconstruction finished. Final Ko: None
[SIMULATOR] Reconstructing board from history (len: 11)...
[SIMULATOR] Reconstruction finished. Final Ko: None
[SIMULATOR] Reconstructing board from history (len: 6)...
[SIMULATOR] Reconstruction finished. Final Ko: None
[SIMULATOR] Reconstructing board from history (len: 6)...
[SIMULATOR] Reconstruction finished. Final Ko: None
INFO:     127.0.0.1:54007 - "POST /analyze HTTP/1.1" 200 OK
DEBUG: Starting analysis for 22 moves (PV shapes: True, influence: True)
[SIMULATOR] Reconstructing board from history (len: 22)...
[SIMULATOR] Reconstruction finished. Final Ko: None
[SIMULATOR] Reconstructing board from history (len: 23)...
[SIMULATOR] Reconstruction finished. Final Ko: None
[SIMULATOR] Reconstructing board from history (len: 24)...
[SIMULATOR] Reconstruction finished. Final Ko: None
[SIMULATOR] Reconstructing board from history (len: 25)...
[SIMULATOR] Reconstruction finished. Final Ko: None
[SIMULATOR] Reconstructing board from history (len: 26)...
[SIMULATOR] Reconstruction finished. Final Ko: None
[SIMULATOR] Reconstructing board from history (len: 27)...
[SIMULATOR] Reconstruction finished. Final Ko: None
[SIMULATOR] Reconstructing board from history (len: 23)...
[SIMULATOR] Reconstruction finished. Final Ko: None
[SIMULATOR] Reconstructing board from history (len: 24)...
[SIMULATOR] Reconstruction finished. Final Ko: None
[SIMULATOR] Reconstructing board from history (len: 25)...
[SIMULATOR] Reconstruction finished. Final Ko: None
[SIMULATOR] Reconstructing board from history (len: 26)...
[SIMULATOR] Reconstruction finished. Final Ko: None
[SIMULATOR] Reconstructing board from history (len: 27)...
[SIMULATOR] Reconstruction finished. Final Ko: None
[SIMULATOR] Reconstructing board from history (len: 28)...
[SIMULATOR] Reconstruction finished. Final Ko: None
[SIMULATOR] Reconstructing board from history (len: 23)...
[SIMULATOR] Reconstruction finished. Final Ko: None
[SIMULATOR] Reconstructing board from history (len: 24)...
[SIMULATOR] Reconstruction finished. Final Ko: None
[SIMULATOR] Reconstructing board from history (len: 25)...
[SIMULATOR] Reconstruction finished. Final Ko: None
[SIMULATOR] Reconstructing board from history (len: 26)...
[SIMULATOR] Reconstruction finished. Final Ko: None
[SIMULATOR] Reconstructing board from history (len: 27)...
[SIMULATOR] Reconstruction finished. Final Ko: None
[SIMULATOR] Reconstructing board from history (len: 28)...
[SIMULATOR] Reconstruction finished. Final Ko: None
INFO:     127.0.0.1:54000 - "POST /analyze HTTP/1.1" 200 OK
DEBUG: Starting analysis for 23 moves (PV shapes: True, influence: True)
[SIMULATOR] Reconstructing board from history (len: 23)...
[SIMULATOR] Reconstruction finished. Final Ko: None
[SIMULATOR] Reconstructing board from history (len: 24)...
[SIMULATOR] Reconstruction finished. Final Ko: None
[SIMULATOR] Reconstructing board from history (len: 25)...
[SIMULATOR] Reconstruction finished. Final Ko: None
[SIMULATOR] Reconstructing board from history (len: 26)...
[SIMULATOR] Reconstruction finished. Final Ko: None
[SIMULATOR] Reconstructing board from history (len: 27)...
[SIMULATOR] Reconstruction finished. Final Ko: None
[SIMULATOR] Reconstructing board from history (len: 28)...
[SIMULATOR] Reconstruction finished. Final Ko: None
[SIMULATOR] Reconstructing board from history (len: 24)...
[SIMULATOR] Reconstruction finished. Final Ko: None
[SIMULATOR] Reconstructing board from history (len: 25)...
[SIMULATOR] Reconstruction finished. Final Ko: None
[SIMULATOR] Reconstructing board from history (len: 26)...
[SIMULATOR] Reconstruction finished. Final Ko: None
[SIMULATOR] Reconstructing board from history (len: 27)...
[SIMULATOR] Reconstruction finished. Final Ko: None
[SIMULATOR] Reconstructing board from history (len: 24)...
[SIMULATOR] Reconstruction finished. Final Ko: None
[SIMULATOR] Reconstructing board from history (len: 25)...
[SIMULATOR] Reconstruction finished. Final Ko: None
[SIMULATOR] Reconstructing board from history (len: 26)...
[SIMULATOR] Reconstruction finished. Final Ko: None
[SIMULATOR] Reconstructing board from history (len: 27)...
[SIMULATOR] Reconstruction finished. Final Ko: None
INFO:     127.0.0.1:53998 - "POST /analyze HTTP/1.1" 200 OK
DEBUG: Starting analysis for 24 moves (PV shapes: True, influence: True)
[SIMULATOR] Reconstructing board from history (len: 24)...
[SIMULATOR] Reconstruction finished. Final Ko: None
[SIMULATOR] Reconstructing board from history (len: 25)...
[SIMULATOR] Reconstruction finished. Final Ko: None
[SIMULATOR] Reconstructing board from history (len: 26)...
[SIMULATOR] Reconstruction finished. Final Ko: None
[SIMULATOR] Reconstructing board from history (len: 27)...
[SIMULATOR] Reconstruction finished. Final Ko: None
[SIMULATOR] Reconstructing board from history (len: 28)...
[SIMULATOR] Reconstruction finished. Final Ko: None
[SIMULATOR] Reconstructing board from history (len: 29)...
[SIMULATOR] Move 29: PASS by B
[SIMULATOR] Reconstruction finished. Final Ko: None
[SIMULATOR] Reconstructing board from history (len: 25)...
[SIMULATOR] Reconstruction finished. Final Ko: None
[SIMULATOR] Reconstructing board from history (len: 26)...
[SIMULATOR] Reconstruction finished. Final Ko: None
[SIMULATOR] Reconstructing board from history (len: 27)...
[SIMULATOR] Reconstruction finished. Final Ko: None
[SIMULATOR] Reconstructing board from history (len: 28)...
[SIMULATOR] Reconstruction finished. Final Ko: None
[SIMULATOR] Reconstructing board from history (len: 29)...
[SIMULATOR] Reconstruction finished. Final Ko: None
[SIMULATOR] Reconstructing board from history (len: 25)...
[SIMULATOR] Reconstruction finished. Final Ko: None
[SIMULATOR] Reconstructing board from history (len: 26)...
[SIMULATOR] Reconstruction finished. Final Ko: None
[SIMULATOR] Reconstructing board from history (len: 27)...
[SIMULATOR] Reconstruction finished. Final Ko: None
[SIMULATOR] Reconstructing board from history (len: 28)...
[SIMULATOR] Reconstruction finished. Final Ko: None
[SIMULATOR] Reconstructing board from history (len: 29)...
[SIMULATOR] Move 29: PASS by B
[SIMULATOR] Reconstruction finished. Final Ko: None
INFO:     127.0.0.1:54001 - "POST /analyze HTTP/1.1" 200 OK
DEBUG: Starting analysis for 25 moves (PV shapes: True, influence: True)
[SIMULATOR] Reconstructing board from history (len: 25)...
[SIMULATOR] Reconstruction finished. Final Ko: None
[SIMULATOR] Reconstructing board from history (len: 26)...
[SIMULATOR] Reconstruction finished. Final Ko: None
[SIMULATOR] Reconstructing board from history (len: 27)...
[SIMULATOR] Reconstruction finished. Final Ko: None
[SIMULATOR] Reconstructing board from history (len: 28)...
[SIMULATOR] Reconstruction finished. Final Ko: None
[SIMULATOR] Reconstructing board from history (len: 29)...
[SIMULATOR] Move 29: PASS by B
[SIMULATOR] Reconstruction finished. Final Ko: None
[SIMULATOR] Reconstructing board from history (len: 26)...
[SIMULATOR] Reconstruction finished. Final Ko: None
[SIMULATOR] Reconstructing board from history (len: 27)...
[SIMULATOR] Reconstruction finished. Final Ko: None
[SIMULATOR] Reconstructing board from history (len: 28)...
[SIMULATOR] Reconstruction finished. Final Ko: None
[SIMULATOR] Reconstructing board from history (len: 29)...
[SIMULATOR] Reconstruction finished. Final Ko: None
[SIMULATOR] Reconstructing board from history (len: 30)...
[SIMULATOR] Reconstruction finished. Final Ko: None
[SIMULATOR] Reconstructing board from history (len: 31)...
[SIMULATOR] Reconstruction finished. Final Ko: None
[SIMULATOR] Reconstructing board from history (len: 26)...
[SIMULATOR] Reconstruction finished. Final Ko: None
[SIMULATOR] Reconstructing board from history (len: 27)...
[SIMULATOR] Reconstruction finished. Final Ko: None
[SIMULATOR] Reconstructing board from history (len: 28)...
[SIMULATOR] Reconstruction finished. Final Ko: None
[SIMULATOR] Reconstructing board from history (len: 29)...
[SIMULATOR] Move 29: PASS by B
[SIMULATOR] Reconstruction finished. Final Ko: None
INFO:     127.0.0.1:53999 - "POST /analyze HTTP/1.1" 200 OK
DEBUG: Starting analysis for 26 moves (PV shapes: True, influence: True)
[SIMULATOR] Reconstructing board from history (len: 26)...
[SIMULATOR] Reconstruction finished. Final Ko: None
[SIMULATOR] Reconstructing board from history (len: 27)...
[SIMULATOR] Reconstruction finished. Final Ko: None
[SIMULATOR] Reconstructing board from history (len: 28)...
[SIMULATOR] Reconstruction finished. Final Ko: None
[SIMULATOR] Reconstructing board from history (len: 29)...
[SIMULATOR] Reconstruction finished. Final Ko: None
[SIMULATOR] Reconstructing board from history (len: 30)...
[SIMULATOR] Reconstruction finished. Final Ko: None
[SIMULATOR] Reconstructing board from history (len: 31)...
[SIMULATOR] Reconstruction finished. Final Ko: None
[SIMULATOR] Reconstructing board from history (len: 32)...
[SIMULATOR] Reconstruction finished. Final Ko: None
[SIMULATOR] Reconstructing board from history (len: 27)...
[SIMULATOR] Reconstruction finished. Final Ko: None
[SIMULATOR] Reconstructing board from history (len: 28)...
[SIMULATOR] Reconstruction finished. Final Ko: None
[SIMULATOR] Reconstructing board from history (len: 29)...
[SIMULATOR] Reconstruction finished. Final Ko: None
[SIMULATOR] Reconstructing board from history (len: 30)...
[SIMULATOR] Reconstruction finished. Final Ko: None
[SIMULATOR] Reconstructing board from history (len: 27)...
[SIMULATOR] Reconstruction finished. Final Ko: None
[SIMULATOR] Reconstructing board from history (len: 28)...
[SIMULATOR] Reconstruction finished. Final Ko: None
[SIMULATOR] Reconstructing board from history (len: 29)...
[SIMULATOR] Reconstruction finished. Final Ko: None
[SIMULATOR] Reconstructing board from history (len: 30)...
[SIMULATOR] Reconstruction finished. Final Ko: None
INFO:     127.0.0.1:54000 - "POST /analyze HTTP/1.1" 200 OK
DEBUG: Starting analysis for 5 moves (PV shapes: True, influence: True)
[SIMULATOR] Reconstructing board from history (len: 5)...
[SIMULATOR] Reconstruction finished. Final Ko: None
[SIMULATOR] Reconstructing board from history (len: 6)...
[SIMULATOR] Reconstruction finished. Final Ko: None
[SIMULATOR] Reconstructing board from history (len: 7)...
[SIMULATOR] Reconstruction finished. Final Ko: None
[SIMULATOR] Reconstructing board from history (len: 8)...
[SIMULATOR] Reconstruction finished. Final Ko: None
[SIMULATOR] Reconstructing board from history (len: 9)...
[SIMULATOR] Reconstruction finished. Final Ko: None
[SIMULATOR] Reconstructing board from history (len: 10)...
[SIMULATOR] Reconstruction finished. Final Ko: None
[SIMULATOR] Reconstructing board from history (len: 11)...
[SIMULATOR] Reconstruction finished. Final Ko: None
[SIMULATOR] Reconstructing board from history (len: 6)...
[SIMULATOR] Reconstruction finished. Final Ko: None
[SIMULATOR] Reconstructing board from history (len: 6)...
[SIMULATOR] Reconstruction finished. Final Ko: None
INFO:     127.0.0.1:54007 - "POST /analyze HTTP/1.1" 200 OK
DEBUG: Starting analysis for 4 moves (PV shapes: True, influence: True)
[SIMULATOR] Reconstructing board from history (len: 4)...
[SIMULATOR] Reconstruction finished. Final Ko: None
[SIMULATOR] Reconstructing board from history (len: 5)...
[SIMULATOR] Reconstruction finished. Final Ko: None
[SIMULATOR] Reconstructing board from history (len: 6)...
[SIMULATOR] Reconstruction finished. Final Ko: None
[SIMULATOR] Reconstructing board from history (len: 7)...
[SIMULATOR] Reconstruction finished. Final Ko: None
[SIMULATOR] Reconstructing board from history (len: 8)...
[SIMULATOR] Reconstruction finished. Final Ko: None
[SIMULATOR] Reconstructing board from history (len: 9)...
[SIMULATOR] Reconstruction finished. Final Ko: None
[SIMULATOR] Reconstructing board from history (len: 10)...
[SIMULATOR] Reconstruction finished. Final Ko: None
[SIMULATOR] Reconstructing board from history (len: 5)...
[SIMULATOR] Reconstruction finished. Final Ko: None
[SIMULATOR] Reconstructing board from history (len: 5)...
[SIMULATOR] Reconstruction finished. Final Ko: None
INFO:     127.0.0.1:54035 - "POST /analyze HTTP/1.1" 200 OK
DEBUG: Starting analysis for 6 moves (PV shapes: True, influence: True)
[SIMULATOR] Reconstructing board from history (len: 6)...
[SIMULATOR] Move 6: PASS by W
[SIMULATOR] Reconstruction finished. Final Ko: None
[SIMULATOR] Reconstructing board from history (len: 7)...
[SIMULATOR] Move 6: PASS by W
[SIMULATOR] Reconstruction finished. Final Ko: None
[SIMULATOR] Reconstructing board from history (len: 8)...
[SIMULATOR] Move 6: PASS by W
[SIMULATOR] Reconstruction finished. Final Ko: None
[SIMULATOR] Reconstructing board from history (len: 9)...
[SIMULATOR] Move 6: PASS by W
[SIMULATOR] Reconstruction finished. Final Ko: None
[SIMULATOR] Reconstructing board from history (len: 10)...
[SIMULATOR] Move 6: PASS by W
[SIMULATOR] Reconstruction finished. Final Ko: None
[SIMULATOR] Reconstructing board from history (len: 11)...
[SIMULATOR] Move 6: PASS by W
[SIMULATOR] Reconstruction finished. Final Ko: None
[SIMULATOR] Reconstructing board from history (len: 12)...
[SIMULATOR] Move 6: PASS by W
[SIMULATOR] Reconstruction finished. Final Ko: None
[SIMULATOR] Reconstructing board from history (len: 7)...
[SIMULATOR] Move 6: PASS by W
[SIMULATOR] Reconstruction finished. Final Ko: None
[SIMULATOR] Reconstructing board from history (len: 8)...
[SIMULATOR] Move 6: PASS by W
[SIMULATOR] Reconstruction finished. Final Ko: None
[SIMULATOR] Reconstructing board from history (len: 9)...
[SIMULATOR] Move 6: PASS by W
[SIMULATOR] Reconstruction finished. Final Ko: None
[SIMULATOR] Reconstructing board from history (len: 10)...
[SIMULATOR] Move 6: PASS by W
[SIMULATOR] Reconstruction finished. Final Ko: None
[SIMULATOR] Reconstructing board from history (len: 11)...
[SIMULATOR] Move 6: PASS by W
[SIMULATOR] Reconstruction finished. Final Ko: None
[SIMULATOR] Reconstructing board from history (len: 12)...
[SIMULATOR] Move 6: PASS by W
[SIMULATOR] Reconstruction finished. Final Ko: None
[SIMULATOR] Reconstructing board from history (len: 7)...
[SIMULATOR] Move 6: PASS by W
[SIMULATOR] Reconstruction finished. Final Ko: None
[SIMULATOR] Reconstructing board from history (len: 8)...
[SIMULATOR] Move 6: PASS by W
[SIMULATOR] Reconstruction finished. Final Ko: None
[SIMULATOR] Reconstructing board from history (len: 9)...
[SIMULATOR] Move 6: PASS by W
[SIMULATOR] Reconstruction finished. Final Ko: None
[SIMULATOR] Reconstructing board from history (len: 10)...
[SIMULATOR] Move 6: PASS by W
[SIMULATOR] Reconstruction finished. Final Ko: None
INFO:     127.0.0.1:54007 - "POST /analyze HTTP/1.1" 200 OK
DEBUG: Starting analysis for 5 moves (PV shapes: True, influence: True)
[SIMULATOR] Reconstructing board from history (len: 5)...
[SIMULATOR] Reconstruction finished. Final Ko: None
[SIMULATOR] Reconstructing board from history (len: 6)...
[SIMULATOR] Reconstruction finished. Final Ko: None
[SIMULATOR] Reconstructing board from history (len: 7)...
[SIMULATOR] Reconstruction finished. Final Ko: None
[SIMULATOR] Reconstructing board from history (len: 8)...
[SIMULATOR] Reconstruction finished. Final Ko: None
[SIMULATOR] Reconstructing board from history (len: 9)...
[SIMULATOR] Reconstruction finished. Final Ko: None
[SIMULATOR] Reconstructing board from history (len: 10)...
[SIMULATOR] Reconstruction finished. Final Ko: None
[SIMULATOR] Reconstructing board from history (len: 11)...
[SIMULATOR] Reconstruction finished. Final Ko: None
[SIMULATOR] Reconstructing board from history (len: 6)...
[SIMULATOR] Reconstruction finished. Final Ko: None
[SIMULATOR] Reconstructing board from history (len: 6)...
[SIMULATOR] Reconstruction finished. Final Ko: None
INFO:     127.0.0.1:54069 - "POST /analyze HTTP/1.1" 200 OK
DEBUG: Starting analysis for 5 moves (PV shapes: True, influence: True)
[SIMULATOR] Reconstructing board from history (len: 5)...
[SIMULATOR] Reconstruction finished. Final Ko: None
[SIMULATOR] Reconstructing board from history (len: 6)...
[SIMULATOR] Reconstruction finished. Final Ko: None
[SIMULATOR] Reconstructing board from history (len: 7)...
[SIMULATOR] Reconstruction finished. Final Ko: None
[SIMULATOR] Reconstructing board from history (len: 8)...
[SIMULATOR] Reconstruction finished. Final Ko: None
[SIMULATOR] Reconstructing board from history (len: 9)...
[SIMULATOR] Reconstruction finished. Final Ko: None
[SIMULATOR] Reconstructing board from history (len: 10)...
[SIMULATOR] Reconstruction finished. Final Ko: None
[SIMULATOR] Reconstructing board from history (len: 11)...
[SIMULATOR] Reconstruction finished. Final Ko: None
[SIMULATOR] Reconstructing board from history (len: 6)...
[SIMULATOR] Reconstruction finished. Final Ko: None
[SIMULATOR] Reconstructing board from history (len: 6)...
[SIMULATOR] Reconstruction finished. Final Ko: None
INFO:     127.0.0.1:54069 - "POST /analyze HTTP/1.1" 200 OK
DEBUG: Starting analysis for 6 moves (PV shapes: True, influence: True)
[SIMULATOR] Reconstructing board from history (len: 6)...
[SIMULATOR] Move 6: PASS by W
[SIMULATOR] Reconstruction finished. Final Ko: None
[SIMULATOR] Reconstructing board from history (len: 7)...
[SIMULATOR] Move 6: PASS by W
[SIMULATOR] Reconstruction finished. Final Ko: None
[SIMULATOR] Reconstructing board from history (len: 8)...
[SIMULATOR] Move 6: PASS by W
[SIMULATOR] Reconstruction finished. Final Ko: None
[SIMULATOR] Reconstructing board from history (len: 9)...
[SIMULATOR] Move 6: PASS by W
[SIMULATOR] Reconstruction finished. Final Ko: None
[SIMULATOR] Reconstructing board from history (len: 10)...
[SIMULATOR] Move 6: PASS by W
[SIMULATOR] Reconstruction finished. Final Ko: None
[SIMULATOR] Reconstructing board from history (len: 11)...
[SIMULATOR] Move 6: PASS by W
[SIMULATOR] Reconstruction finished. Final Ko: None
[SIMULATOR] Reconstructing board from history (len: 7)...
[SIMULATOR] Move 6: PASS by W
[SIMULATOR] Reconstruction finished. Final Ko: None
[SIMULATOR] Reconstructing board from history (len: 8)...
[SIMULATOR] Move 6: PASS by W
[SIMULATOR] Reconstruction finished. Final Ko: None
[SIMULATOR] Reconstructing board from history (len: 9)...
[SIMULATOR] Move 6: PASS by W
[SIMULATOR] Reconstruction finished. Final Ko: None
[SIMULATOR] Reconstructing board from history (len: 10)...
[SIMULATOR] Move 6: PASS by W
[SIMULATOR] Reconstruction finished. Final Ko: None
[SIMULATOR] Reconstructing board from history (len: 11)...
[SIMULATOR] Move 6: PASS by W
[SIMULATOR] Reconstruction finished. Final Ko: None
[SIMULATOR] Reconstructing board from history (len: 12)...
[SIMULATOR] Move 6: PASS by W
[SIMULATOR] Reconstruction finished. Final Ko: None
[SIMULATOR] Reconstructing board from history (len: 7)...
[SIMULATOR] Move 6: PASS by W
[SIMULATOR] Reconstruction finished. Final Ko: None
[SIMULATOR] Reconstructing board from history (len: 8)...
[SIMULATOR] Move 6: PASS by W
[SIMULATOR] Reconstruction finished. Final Ko: None
[SIMULATOR] Reconstructing board from history (len: 9)...
[SIMULATOR] Move 6: PASS by W
[SIMULATOR] Reconstruction finished. Final Ko: None
[SIMULATOR] Reconstructing board from history (len: 10)...
[SIMULATOR] Move 6: PASS by W
[SIMULATOR] Reconstruction finished. Final Ko: None
[SIMULATOR] Reconstructing board from history (len: 11)...
[SIMULATOR] Move 6: PASS by W
[SIMULATOR] Reconstruction finished. Final Ko: None
[SIMULATOR] Reconstructing board from history (len: 12)...
[SIMULATOR] Move 6: PASS by W
[SIMULATOR] Reconstruction finished. Final Ko: None
INFO:     127.0.0.1:54069 - "POST /analyze HTTP/1.1" 200 OK
DEBUG: Starting analysis for 4 moves (PV shapes: True, influence: True)
[SIMULATOR] Reconstructing board from history (len: 4)...
[SIMULATOR] Reconstruction finished. Final Ko: None
[SIMULATOR] Reconstructing board from history (len: 5)...
[SIMULATOR] Reconstruction finished. Final Ko: None
[SIMULATOR] Reconstructing board from history (len: 6)...
[SIMULATOR] Reconstruction finished. Final Ko: None
[SIMULATOR] Reconstructing board from history (len: 7)...
[SIMULATOR] Reconstruction finished. Final Ko: None
[SIMULATOR] Reconstructing board from history (len: 8)...
[SIMULATOR] Reconstruction finished. Final Ko: None
[SIMULATOR] Reconstructing board from history (len: 9)...
[SIMULATOR] Reconstruction finished. Final Ko: None
[SIMULATOR] Reconstructing board from history (len: 10)...
[SIMULATOR] Reconstruction finished. Final Ko: None
[SIMULATOR] Reconstructing board from history (len: 5)...
[SIMULATOR] Reconstruction finished. Final Ko: None
[SIMULATOR] Reconstructing board from history (len: 5)...
[SIMULATOR] Reconstruction finished. Final Ko: None
INFO:     127.0.0.1:54069 - "POST /analyze HTTP/1.1" 200 OK
DEBUG: Starting analysis for 5 moves (PV shapes: True, influence: True)
[SIMULATOR] Reconstructing board from history (len: 5)...
[SIMULATOR] Reconstruction finished. Final Ko: None
[SIMULATOR] Reconstructing board from history (len: 6)...
[SIMULATOR] Reconstruction finished. Final Ko: None
[SIMULATOR] Reconstructing board from history (len: 7)...
[SIMULATOR] Reconstruction finished. Final Ko: None
[SIMULATOR] Reconstructing board from history (len: 8)...
[SIMULATOR] Reconstruction finished. Final Ko: None
[SIMULATOR] Reconstructing board from history (len: 9)...
[SIMULATOR] Reconstruction finished. Final Ko: None
[SIMULATOR] Reconstructing board from history (len: 10)...
[SIMULATOR] Reconstruction finished. Final Ko: None
[SIMULATOR] Reconstructing board from history (len: 11)...
[SIMULATOR] Reconstruction finished. Final Ko: None
[SIMULATOR] Reconstructing board from history (len: 6)...
[SIMULATOR] Reconstruction finished. Final Ko: None
[SIMULATOR] Reconstructing board from history (len: 6)...
[SIMULATOR] Reconstruction finished. Final Ko: None
INFO:     127.0.0.1:54069 - "POST /analyze HTTP/1.1" 200 OK
DEBUG: Starting analysis for 6 moves (PV shapes: True, influence: True)
[SIMULATOR] Reconstructing board from history (len: 6)...
[SIMULATOR] Move 6: PASS by W
[SIMULATOR] Reconstruction finished. Final Ko: None
[SIMULATOR] Reconstructing board from history (len: 7)...
[SIMULATOR] Move 6: PASS by W
[SIMULATOR] Reconstruction finished. Final Ko: None
[SIMULATOR] Reconstructing board from history (len: 8)...
[SIMULATOR] Move 6: PASS by W
[SIMULATOR] Reconstruction finished. Final Ko: None
[SIMULATOR] Reconstructing board from history (len: 9)...
[SIMULATOR] Move 6: PASS by W
[SIMULATOR] Reconstruction finished. Final Ko: None
[SIMULATOR] Reconstructing board from history (len: 10)...
[SIMULATOR] Move 6: PASS by W
[SIMULATOR] Reconstruction finished. Final Ko: None
[SIMULATOR] Reconstructing board from history (len: 11)...
[SIMULATOR] Move 6: PASS by W
[SIMULATOR] Reconstruction finished. Final Ko: None
[SIMULATOR] Reconstructing board from history (len: 7)...
[SIMULATOR] Move 6: PASS by W
[SIMULATOR] Reconstruction finished. Final Ko: None
[SIMULATOR] Reconstructing board from history (len: 8)...
[SIMULATOR] Move 6: PASS by W
[SIMULATOR] Reconstruction finished. Final Ko: None
[SIMULATOR] Reconstructing board from history (len: 9)...
[SIMULATOR] Move 6: PASS by W
[SIMULATOR] Reconstruction finished. Final Ko: None
[SIMULATOR] Reconstructing board from history (len: 10)...
[SIMULATOR] Move 6: PASS by W
[SIMULATOR] Reconstruction finished. Final Ko: None
[SIMULATOR] Reconstructing board from history (len: 11)...
[SIMULATOR] Move 6: PASS by W
[SIMULATOR] Reconstruction finished. Final Ko: None
[SIMULATOR] Reconstructing board from history (len: 12)...
[SIMULATOR] Move 6: PASS by W
[SIMULATOR] Reconstruction finished. Final Ko: None
[SIMULATOR] Reconstructing board from history (len: 7)...
[SIMULATOR] Move 6: PASS by W
[SIMULATOR] Reconstruction finished. Final Ko: None
[SIMULATOR] Reconstructing board from history (len: 8)...
[SIMULATOR] Move 6: PASS by W
[SIMULATOR] Reconstruction finished. Final Ko: None
[SIMULATOR] Reconstructing board from history (len: 9)...
[SIMULATOR] Move 6: PASS by W
[SIMULATOR] Reconstruction finished. Final Ko: None
[SIMULATOR] Reconstructing board from history (len: 10)...
[SIMULATOR] Move 6: PASS by W
[SIMULATOR] Reconstruction finished. Final Ko: None
[SIMULATOR] Reconstructing board from history (len: 11)...
[SIMULATOR] Move 6: PASS by W
[SIMULATOR] Reconstruction finished. Final Ko: None
[SIMULATOR] Reconstructing board from history (len: 12)...
[SIMULATOR] Move 6: PASS by W
[SIMULATOR] Reconstruction finished. Final Ko: None
INFO:     127.0.0.1:54069 - "POST /analyze HTTP/1.1" 200 OK
