2026-01-22 21:44:55+0900: Running with following config:
analysisPVLen = 50
homeDataDir = KataGoData
nnCacheSizePowerOfTwo = 23
nnMaxBatchSize = 64
nnMutexPoolSizePowerOfTwo = 17
nnRandomize = true
numAnalysisThreads = 1
numSearchThreads = 10
reportAnalysisWinratesAs = SIDETOMOVE

2026-01-22 21:44:55+0900: Analysis Engine starting...
2026-01-22 21:44:55+0900: KataGo v1.13.0
2026-01-22 21:44:55+0900: nnRandSeed0 = 3860641216121356372
2026-01-22 21:44:55+0900: After dedups: nnModelFile0 = C:\Users\youst\go-ai-commentator\katago\2023-06-15-windows64+katago\weights\kata20bs530.bin.gz useFP16 auto useNHWC auto
2026-01-22 21:44:55+0900: Initializing neural net buffer to be size 19 * 19 allowing smaller boards
2026-01-22 21:44:56+0900: Found OpenCL Platform 0: Intel(R) OpenCL Graphics (Intel(R) Corporation) (OpenCL 3.0 )
2026-01-22 21:44:56+0900: Found 1 device(s) on platform 0 with type CPU or GPU or Accelerator
2026-01-22 21:44:56+0900: Found OpenCL Device 0: Intel(R) Iris(R) Xe Graphics (Intel(R) Corporation) (score 6000300)
2026-01-22 21:44:56+0900: Creating context for OpenCL Platform: Intel(R) OpenCL Graphics (Intel(R) Corporation) (OpenCL 3.0 )
2026-01-22 21:44:56+0900: Using OpenCL Device 0: Intel(R) Iris(R) Xe Graphics (Intel(R) Corporation) OpenCL 3.0 NEO  (Extensions: cl_khr_byte_addressable_store cl_khr_device_uuid cl_khr_fp16 cl_khr_global_int32_base_atomics cl_khr_global_int32_extended_atomics cl_khr_icd cl_khr_local_int32_base_atomics cl_khr_local_int32_extended_atomics cl_intel_command_queue_families cl_intel_subgroups cl_intel_required_subgroup_size cl_intel_subgroups_short cl_khr_spir cl_intel_accelerator cl_intel_driver_diagnostics cl_khr_priority_hints cl_khr_throttle_hints cl_khr_create_command_queue cl_intel_subgroups_char cl_intel_subgroups_long cl_khr_il_program cl_intel_mem_force_host_memory cl_khr_subgroup_extended_types cl_khr_subgroup_non_uniform_vote cl_khr_subgroup_ballot cl_khr_subgroup_non_uniform_arithmetic cl_khr_subgroup_shuffle cl_khr_subgroup_shuffle_relative cl_khr_subgroup_clustered_reduce cl_intel_device_attribute_query cl_khr_expect_assume cl_khr_extended_bit_ops cl_khr_suggested_local_work_size cl_intel_split_work_group_barrier cl_intel_spirv_media_block_io cl_intel_spirv_subgroups cl_khr_spirv_linkonce_odr cl_khr_spirv_no_integer_wrap_decoration cl_intel_unified_shared_memory cl_khr_mipmap_image cl_khr_mipmap_image_writes cl_ext_float_atomics cl_khr_external_memory cl_intel_planar_yuv cl_intel_packed_yuv cl_khr_int64_base_atomics cl_khr_int64_extended_atomics cl_khr_image2d_from_buffer cl_khr_depth_images cl_khr_3d_image_writes cl_intel_media_block_io cl_intel_subgroup_local_block_io cl_khr_integer_dot_product cl_khr_gl_sharing cl_khr_gl_depth_images cl_khr_gl_event cl_khr_gl_msaa_sharing cl_intel_dx9_media_sharing cl_khr_dx9_media_sharing cl_khr_d3d10_sharing cl_khr_d3d11_sharing cl_intel_d3d11_nv12_media_sharing cl_intel_sharing_format_query cl_khr_pci_bus_info cl_intel_simultaneous_sharing )
2026-01-22 21:44:56+0900: Loaded tuning parameters from: KataGoData/opencltuning/tune11_gpuIntelRIrisRXeGraphics_x19_y19_c256_mv8.txt
2026-01-22 21:44:57+0900: OpenCL backend thread 0: Model version 8
2026-01-22 21:44:57+0900: OpenCL backend thread 0: Model name: g170-b20c256x2-s5303129600-d1228401921
2026-01-22 21:44:59+0900: OpenCL backend thread 0: FP16Storage true FP16Compute true FP16TensorCores false FP16TensorCoresFor1x1 false
2026-01-22 21:44:59+0900: Loaded config C:\Users\youst\go-ai-commentator\katago\2023-06-15-windows64+katago\katago_configs\analysis.cfg
2026-01-22 21:44:59+0900: Loaded model C:\Users\youst\go-ai-commentator\katago\2023-06-15-windows64+katago\weights\kata20bs530.bin.gz
2026-01-22 21:44:59+0900: Analyzing up to 1 positions at a time in parallel
2026-01-22 21:44:59+0900: Started, ready to begin handling requests
