[2026-01-14 17:01:03] [CONTROLLER] [INFO] Image directory set to: C:\Users\youst\go-ai-commentator\output_images\a
[2026-01-14 17:17:52] [CONTROLLER] [INFO] Image directory set to: C:\Users\youst\go-ai-commentator\output_images\a
[2026-01-14 17:37:47] [CONTROLLER] [INFO] Image directory set to: C:\Users\youst\go-ai-commentator\output_images\a
[2026-01-14 17:45:37] [CONTROLLER] [INFO] Image directory set to: C:\Users\youst\go-ai-commentator\output_images\a
[2026-01-14 17:53:45] [CONTROLLER] [INFO] Image directory set to: C:\Users\youst\go-ai-commentator\output_images\a
[2026-01-14 17:56:45] [CONTROLLER] [INFO] Image directory set to: C:\Users\youst\go-ai-commentator\output_images\a
[2026-01-14 17:59:18] [CONTROLLER] [INFO] Image directory set to: C:\Users\youst\go-ai-commentator\output_images\a
[2026-01-14 18:00:06] [CONTROLLER] [INFO] Image directory set to: C:\Users\youst\go-ai-commentator\output_images\sample
[2026-01-14 18:00:06] [CONTROLLER] [ERROR] Failed to load image C:\Users\youst\go-ai-commentator\output_images\sample\move_000.png: cannot identify image file 'C:\\Users\\youst\\go-ai-commentator\\output_images\\sample\\move_000.png'
[2026-01-14 18:02:47] [CONTROLLER] [INFO] Image directory set to: C:\Users\youst\go-ai-commentator\output_images\アキ三角
[2026-01-14 20:43:16] [CONTROLLER] [INFO] Image directory set to: C:\Users\youst\go-ai-commentator\output_images\アキ三角
[2026-01-14 21:34:41] [CONTROLLER] [INFO] Image directory set to: C:\Users\youst\go-ai-commentator\output_images\サカレ
[2026-01-14 21:34:41] [CONTROLLER] [ERROR] Failed to load image C:\Users\youst\go-ai-commentator\output_images\サカレ\move_000.png: image file is truncated
[2026-01-14 21:34:41] [CONTROLLER] [ERROR] Failed to load image C:\Users\youst\go-ai-commentator\output_images\サカレ\move_000.png: cannot identify image file 'C:\\Users\\youst\\go-ai-commentator\\output_images\\サカレ\\move_000.png'
[2026-01-15 14:28:39] [CONTROLLER] [INFO] Image directory set to: C:\Users\youst\go-ai-commentator\output_images\アキ三角
[2026-01-15 14:28:51] [API_CLIENT] [ERROR] API Error: 503
[2026-01-15 14:29:02] [API_CLIENT] [ERROR] API Error: 503
[2026-01-15 14:29:11] [API_CLIENT] [ERROR] API Error: 503
[2026-01-15 14:29:23] [API_CLIENT] [ERROR] API Error: 503
[2026-01-15 14:29:35] [API_CLIENT] [ERROR] API Error: 503
[2026-01-15 14:29:46] [API_CLIENT] [ERROR] API Error: 503
[2026-01-15 14:29:57] [API_CLIENT] [ERROR] API Error: 503
[2026-01-15 14:30:09] [API_CLIENT] [ERROR] API Error: 503
[2026-01-15 14:30:20] [API_CLIENT] [ERROR] API Error: 503
[2026-01-15 14:30:32] [API_CLIENT] [ERROR] API Error: 503
[2026-01-15 14:30:44] [API_CLIENT] [ERROR] API Error: 503
[2026-01-15 14:30:55] [API_CLIENT] [ERROR] API Error: 503
[2026-01-15 14:31:07] [API_CLIENT] [ERROR] API Error: 503
[2026-01-15 14:31:19] [API_CLIENT] [ERROR] API Error: 503
[2026-01-15 14:31:30] [API_CLIENT] [ERROR] API Error: 503
[2026-01-15 14:31:41] [API_CLIENT] [ERROR] API Error: 503
[2026-01-15 14:31:53] [API_CLIENT] [ERROR] API Error: 503
[2026-01-15 14:32:05] [API_CLIENT] [ERROR] API Error: 503
[2026-01-15 14:32:17] [API_CLIENT] [ERROR] API Error: 503
[2026-01-15 14:32:28] [API_CLIENT] [ERROR] API Error: 503
[2026-01-15 14:32:40] [API_CLIENT] [ERROR] API Error: 503
[2026-01-15 14:32:52] [API_CLIENT] [ERROR] API Error: 503
[2026-01-15 14:33:04] [API_CLIENT] [ERROR] API Error: 503
[2026-01-15 14:33:16] [API_CLIENT] [ERROR] API Error: 503
[2026-01-15 14:33:27] [API_CLIENT] [ERROR] API Error: 503
[2026-01-15 14:33:38] [API_CLIENT] [ERROR] API Error: 503
[2026-01-15 14:33:49] [API_CLIENT] [ERROR] API Error: 503
[2026-01-15 14:34:01] [API_CLIENT] [ERROR] API Error: 503
[2026-01-15 14:34:12] [API_CLIENT] [ERROR] API Error: 503
[2026-01-15 14:34:23] [API_CLIENT] [ERROR] API Error: 503
[2026-01-15 14:34:32] [API_CLIENT] [ERROR] API Error: 503
[2026-01-15 15:16:33] [API_CLIENT] [ERROR] API Connection Failed at health: HTTPConnectionPool(host='127.0.0.1', port=9999): Max retries exceeded with url: /health (Caused by ConnectTimeoutError(<urllib3.connection.HTTPConnection object at 0x000001638F824050>, 'Connection to 127.0.0.1 timed out. (connect timeout=2)'))
[2026-01-15 15:16:33] [API_CLIENT] [WARNING] Circuit Breaker: Failure recorded (1/3)
[2026-01-15 15:16:35] [API_CLIENT] [ERROR] API Connection Failed at health: HTTPConnectionPool(host='127.0.0.1', port=9999): Max retries exceeded with url: /health (Caused by ConnectTimeoutError(<urllib3.connection.HTTPConnection object at 0x000001638F6F7750>, 'Connection to 127.0.0.1 timed out. (connect timeout=2)'))
[2026-01-15 15:16:35] [API_CLIENT] [WARNING] Circuit Breaker: Failure recorded (2/3)
[2026-01-15 15:16:37] [API_CLIENT] [ERROR] API Connection Failed at health: HTTPConnectionPool(host='127.0.0.1', port=9999): Max retries exceeded with url: /health (Caused by ConnectTimeoutError(<urllib3.connection.HTTPConnection object at 0x000001638F6F79D0>, 'Connection to 127.0.0.1 timed out. (connect timeout=2)'))
[2026-01-15 15:16:37] [API_CLIENT] [ERROR] Circuit Breaker: OPENED due to 3 consecutive failures
[2026-01-15 15:39:40] [CONTROLLER] [INFO] Image directory set to: C:\Users\youst\go-ai-commentator\output_images\アキ三角
